<?xml version="1.0" encoding="UTF-8"?>
<!-- Generated by org.testng.reporters.JUnitReportReporter -->
<testsuite hostname="DESKTOP-V8MU9OM" failures="0" tests="2" name="tests.SauceDemoLoginTest" time="3.432" errors="0" timestamp="2022-01-23T22:02:42 EST" skipped="0">
  <testcase classname="tests.SauceDemoLoginTest" name="loginPageTest" time="2.078"/>
  <system-out/>
  <testcase classname="tests.SauceDemoLoginTest" name="inventoryTest" time="1.354"/>
  <system-out/>
</testsuite> <!-- tests.SauceDemoLoginTest -->
